<?xml version="1.0" encoding="UTF-8"?><testsuite name="nosetests" tests="8" errors="0" failures="0" skip="0"><testcase classname="test.TestAPI" name="test_create_message_bad_request" time="0.259"></testcase><testcase classname="test.TestAPI" name="test_create_messages" time="0.015"></testcase><testcase classname="test.TestAPI" name="test_delete_message" time="0.012"></testcase><testcase classname="test.TestAPI" name="test_delete_message_not_found" time="0.003"></testcase><testcase classname="test.TestAPI" name="test_edit_message" time="0.004"></testcase><testcase classname="test.TestAPI" name="test_edit_message_bad_request" time="0.077"></testcase><testcase classname="test.TestAPI" name="test_edit_message_not_found" time="0.003"></testcase><testcase classname="test.TestAPI" name="test_get_message" time="0.004"></testcase></testsuite>